This file contains any messages produced by compilers while
running configure, to aid debugging if configure makes a mistake.

It was created by Protocol Buffers configure 2.2.0, which was
generated by GNU Autoconf 2.61.  Invocation command line was

  $ ./configure 

## --------- ##
## Platform. ##
## --------- ##

hostname = CyBookPro.local
uname -m = i386
uname -r = 10.0.0
uname -s = Darwin
uname -v = Darwin Kernel Version 10.0.0: Fri Jul 31 22:47:34 PDT 2009; root:xnu-1456.1.25~1/RELEASE_I386

/usr/bin/uname -p = i386
/bin/uname -X     = unknown

/bin/arch              = unknown
/usr/bin/arch -k       = unknown
/usr/convex/getsysinfo = unknown
/usr/bin/hostinfo      = Mach kernel version:
	 Darwin Kernel Version 10.0.0: Fri Jul 31 22:47:34 PDT 2009; root:xnu-1456.1.25~1/RELEASE_I386
Kernel configured for up to 2 processors.
2 processors are physically available.
2 processors are logically available.
Processor type: i486 (Intel 80486)
Processors active: 0 1
Primary memory available: 4.00 gigabytes
Default processor set: 82 tasks, 342 threads, 2 processors
Load average: 0.72, Mach factor: 1.32
/bin/machine           = unknown
/usr/bin/oslevel       = unknown
/bin/universe          = unknown

PATH: /usr/bin
PATH: /bin
PATH: /usr/sbin
PATH: /sbin
PATH: /usr/local/bin
PATH: /usr/X11/bin


## ----------- ##
## Core tests. ##
## ----------- ##

configure:2008: checking build system type
configure:2026: result: i386-apple-darwin10.0.0
configure:2048: checking host system type
configure:2063: result: i386-apple-darwin10.0.0
configure:2085: checking target system type
configure:2100: result: i386-apple-darwin10.0.0
configure:2144: checking for a BSD-compatible install
configure:2200: result: /usr/bin/install -c
configure:2211: checking whether build environment is sane
configure:2254: result: yes
configure:2282: checking for a thread-safe mkdir -p
configure:2321: result: ./install-sh -c -d
configure:2334: checking for gawk
configure:2364: result: no
configure:2334: checking for mawk
configure:2364: result: no
configure:2334: checking for nawk
configure:2364: result: no
configure:2334: checking for awk
configure:2350: found /usr/bin/awk
configure:2361: result: awk
configure:2372: checking whether make sets $(MAKE)
configure:2393: result: yes
configure:2649: checking for gcc
configure:2665: found /usr/bin/gcc
configure:2676: result: gcc
configure:2914: checking for C compiler version
configure:2921: gcc --version >&5
i686-apple-darwin10-gcc-4.2.1 (GCC) 4.2.1 (Apple Inc. build 5646)
Copyright (C) 2007 Free Software Foundation, Inc.
This is free software; see the source for copying conditions.  There is NO
warranty; not even for MERCHANTABILITY or FITNESS FOR A PARTICULAR PURPOSE.

configure:2924: $? = 0
configure:2931: gcc -v >&5
Using built-in specs.
Target: i686-apple-darwin10
Configured with: /var/tmp/gcc/gcc-5646~6/src/configure --disable-checking --enable-werror --prefix=/usr --mandir=/share/man --enable-languages=c,objc,c++,obj-c++ --program-transform-name=/^[cg][^.-]*$/s/$/-4.2/ --with-slibdir=/usr/lib --build=i686-apple-darwin10 --with-gxx-include-dir=/include/c++/4.2.1 --program-prefix=i686-apple-darwin10- --host=x86_64-apple-darwin10 --target=i686-apple-darwin10
Thread model: posix
gcc version 4.2.1 (Apple Inc. build 5646)
configure:2934: $? = 0
configure:2941: gcc -V >&5
gcc-4.2: argument to `-V' is missing
configure:2944: $? = 1
configure:2967: checking for C compiler default output file name
configure:2994: gcc    conftest.c  >&5
configure:2997: $? = 0
configure:3035: result: a.out
configure:3052: checking whether the C compiler works
configure:3062: ./a.out
configure:3065: $? = 0
configure:3082: result: yes
configure:3089: checking whether we are cross compiling
configure:3091: result: no
configure:3094: checking for suffix of executables
configure:3101: gcc -o conftest    conftest.c  >&5
configure:3104: $? = 0
configure:3128: result: 
configure:3134: checking for suffix of object files
configure:3160: gcc -c   conftest.c >&5
configure:3163: $? = 0
configure:3186: result: o
configure:3190: checking whether we are using the GNU C compiler
configure:3219: gcc -c   conftest.c >&5
configure:3225: $? = 0
configure:3242: result: yes
configure:3247: checking whether gcc accepts -g
configure:3277: gcc -c -g  conftest.c >&5
configure:3283: $? = 0
configure:3382: result: yes
configure:3399: checking for gcc option to accept ISO C89
configure:3473: gcc  -c   conftest.c >&5
configure:3479: $? = 0
configure:3502: result: none needed
configure:3531: checking for style of include used by make
configure:3559: result: GNU
configure:3584: checking dependency style of gcc
configure:3675: result: gcc3
configure:3748: checking for g++
configure:3764: found /usr/bin/g++
configure:3775: result: g++
configure:3806: checking for C++ compiler version
configure:3813: g++ --version >&5
i686-apple-darwin10-g++-4.2.1 (GCC) 4.2.1 (Apple Inc. build 5646)
Copyright (C) 2007 Free Software Foundation, Inc.
This is free software; see the source for copying conditions.  There is NO
warranty; not even for MERCHANTABILITY or FITNESS FOR A PARTICULAR PURPOSE.

configure:3816: $? = 0
configure:3823: g++ -v >&5
Using built-in specs.
Target: i686-apple-darwin10
Configured with: /var/tmp/gcc/gcc-5646~6/src/configure --disable-checking --enable-werror --prefix=/usr --mandir=/share/man --enable-languages=c,objc,c++,obj-c++ --program-transform-name=/^[cg][^.-]*$/s/$/-4.2/ --with-slibdir=/usr/lib --build=i686-apple-darwin10 --with-gxx-include-dir=/include/c++/4.2.1 --program-prefix=i686-apple-darwin10- --host=x86_64-apple-darwin10 --target=i686-apple-darwin10
Thread model: posix
gcc version 4.2.1 (Apple Inc. build 5646)
configure:3826: $? = 0
configure:3833: g++ -V >&5
g++-4.2: argument to `-V' is missing
configure:3836: $? = 1
configure:3839: checking whether we are using the GNU C++ compiler
configure:3868: g++ -c   conftest.cpp >&5
configure:3874: $? = 0
configure:3891: result: yes
configure:3896: checking whether g++ accepts -g
configure:3926: g++ -c -g  conftest.cpp >&5
configure:3932: $? = 0
configure:4031: result: yes
configure:4056: checking dependency style of g++
configure:4147: result: gcc3
configure:4180: checking how to run the C++ preprocessor
configure:4216: g++ -E  conftest.cpp
configure:4222: $? = 0
configure:4253: g++ -E  conftest.cpp
conftest.cpp:11:28: error: ac_nonexistent.h: No such file or directory
configure:4259: $? = 1
configure: failed program was:
| /* confdefs.h.  */
| #define PACKAGE_NAME "Protocol Buffers"
| #define PACKAGE_TARNAME "protobuf"
| #define PACKAGE_VERSION "2.2.0"
| #define PACKAGE_STRING "Protocol Buffers 2.2.0"
| #define PACKAGE_BUGREPORT "protobuf@googlegroups.com"
| #define PACKAGE "protobuf"
| #define VERSION "2.2.0"
| #define _GNU_SOURCE 1
| /* end confdefs.h.  */
| #include <ac_nonexistent.h>
configure:4292: result: g++ -E
configure:4321: g++ -E  conftest.cpp
configure:4327: $? = 0
configure:4358: g++ -E  conftest.cpp
conftest.cpp:11:28: error: ac_nonexistent.h: No such file or directory
configure:4364: $? = 1
configure: failed program was:
| /* confdefs.h.  */
| #define PACKAGE_NAME "Protocol Buffers"
| #define PACKAGE_TARNAME "protobuf"
| #define PACKAGE_VERSION "2.2.0"
| #define PACKAGE_STRING "Protocol Buffers 2.2.0"
| #define PACKAGE_BUGREPORT "protobuf@googlegroups.com"
| #define PACKAGE "protobuf"
| #define VERSION "2.2.0"
| #define _GNU_SOURCE 1
| /* end confdefs.h.  */
| #include <ac_nonexistent.h>
configure:4402: checking for grep that handles long lines and -e
configure:4476: result: /usr/bin/grep
configure:4481: checking for egrep
configure:4559: result: /usr/bin/grep -E
configure:4565: checking for AIX
configure:4587: result: no
configure:4593: checking for ANSI C header files
configure:4623: g++ -c   conftest.cpp >&5
configure:4629: $? = 0
configure:4728: g++ -o conftest    conftest.cpp  >&5
configure:4731: $? = 0
configure:4737: ./conftest
configure:4740: $? = 0
configure:4757: result: yes
configure:4781: checking for sys/types.h
configure:4802: g++ -c   conftest.cpp >&5
configure:4808: $? = 0
configure:4824: result: yes
configure:4781: checking for sys/stat.h
configure:4802: g++ -c   conftest.cpp >&5
configure:4808: $? = 0
configure:4824: result: yes
configure:4781: checking for stdlib.h
configure:4802: g++ -c   conftest.cpp >&5
configure:4808: $? = 0
configure:4824: result: yes
configure:4781: checking for string.h
configure:4802: g++ -c   conftest.cpp >&5
configure:4808: $? = 0
configure:4824: result: yes
configure:4781: checking for memory.h
configure:4802: g++ -c   conftest.cpp >&5
configure:4808: $? = 0
configure:4824: result: yes
configure:4781: checking for strings.h
configure:4802: g++ -c   conftest.cpp >&5
configure:4808: $? = 0
configure:4824: result: yes
configure:4781: checking for inttypes.h
configure:4802: g++ -c   conftest.cpp >&5
configure:4808: $? = 0
configure:4824: result: yes
configure:4781: checking for stdint.h
configure:4802: g++ -c   conftest.cpp >&5
configure:4808: $? = 0
configure:4824: result: yes
configure:4781: checking for unistd.h
configure:4802: g++ -c   conftest.cpp >&5
configure:4808: $? = 0
configure:4824: result: yes
configure:4846: checking minix/config.h usability
configure:4863: g++ -c   conftest.cpp >&5
conftest.cpp:54:26: error: minix/config.h: No such file or directory
configure:4869: $? = 1
configure: failed program was:
| /* confdefs.h.  */
| #define PACKAGE_NAME "Protocol Buffers"
| #define PACKAGE_TARNAME "protobuf"
| #define PACKAGE_VERSION "2.2.0"
| #define PACKAGE_STRING "Protocol Buffers 2.2.0"
| #define PACKAGE_BUGREPORT "protobuf@googlegroups.com"
| #define PACKAGE "protobuf"
| #define VERSION "2.2.0"
| #define _GNU_SOURCE 1
| #define STDC_HEADERS 1
| #define HAVE_SYS_TYPES_H 1
| #define HAVE_SYS_STAT_H 1
| #define HAVE_STDLIB_H 1
| #define HAVE_STRING_H 1
| #define HAVE_MEMORY_H 1
| #define HAVE_STRINGS_H 1
| #define HAVE_INTTYPES_H 1
| #define HAVE_STDINT_H 1
| #define HAVE_UNISTD_H 1
| /* end confdefs.h.  */
| #include <stdio.h>
| #ifdef HAVE_SYS_TYPES_H
| # include <sys/types.h>
| #endif
| #ifdef HAVE_SYS_STAT_H
| # include <sys/stat.h>
| #endif
| #ifdef STDC_HEADERS
| # include <stdlib.h>
| # include <stddef.h>
| #else
| # ifdef HAVE_STDLIB_H
| #  include <stdlib.h>
| # endif
| #endif
| #ifdef HAVE_STRING_H
| # if !defined STDC_HEADERS && defined HAVE_MEMORY_H
| #  include <memory.h>
| # endif
| # include <string.h>
| #endif
| #ifdef HAVE_STRINGS_H
| # include <strings.h>
| #endif
| #ifdef HAVE_INTTYPES_H
| # include <inttypes.h>
| #endif
| #ifdef HAVE_STDINT_H
| # include <stdint.h>
| #endif
| #ifdef HAVE_UNISTD_H
| # include <unistd.h>
| #endif
| #include <minix/config.h>
configure:4883: result: no
configure:4887: checking minix/config.h presence
configure:4902: g++ -E  conftest.cpp
conftest.cpp:21:26: error: minix/config.h: No such file or directory
configure:4908: $? = 1
configure: failed program was:
| /* confdefs.h.  */
| #define PACKAGE_NAME "Protocol Buffers"
| #define PACKAGE_TARNAME "protobuf"
| #define PACKAGE_VERSION "2.2.0"
| #define PACKAGE_STRING "Protocol Buffers 2.2.0"
| #define PACKAGE_BUGREPORT "protobuf@googlegroups.com"
| #define PACKAGE "protobuf"
| #define VERSION "2.2.0"
| #define _GNU_SOURCE 1
| #define STDC_HEADERS 1
| #define HAVE_SYS_TYPES_H 1
| #define HAVE_SYS_STAT_H 1
| #define HAVE_STDLIB_H 1
| #define HAVE_STRING_H 1
| #define HAVE_MEMORY_H 1
| #define HAVE_STRINGS_H 1
| #define HAVE_INTTYPES_H 1
| #define HAVE_STDINT_H 1
| #define HAVE_UNISTD_H 1
| /* end confdefs.h.  */
| #include <minix/config.h>
configure:4922: result: no
configure:4955: checking for minix/config.h
configure:4962: result: no
configure:5003: checking whether it is safe to define __EXTENSIONS__
configure:5031: g++ -c   conftest.cpp >&5
configure:5037: $? = 0
configure:5052: result: yes
configure:5080: checking C++ compiler flags...
configure:5097: result: use default: -O2  -g -DNDEBUG
configure:5118: checking whether __SUNPRO_CC is declared
configure:5147: g++ -c  -g -DNDEBUG  conftest.cpp >&5
conftest.cpp: In function 'int main()':
conftest.cpp:61: error: '__SUNPRO_CC' was not declared in this scope
configure:5153: $? = 1
configure: failed program was:
| /* confdefs.h.  */
| #define PACKAGE_NAME "Protocol Buffers"
| #define PACKAGE_TARNAME "protobuf"
| #define PACKAGE_VERSION "2.2.0"
| #define PACKAGE_STRING "Protocol Buffers 2.2.0"
| #define PACKAGE_BUGREPORT "protobuf@googlegroups.com"
| #define PACKAGE "protobuf"
| #define VERSION "2.2.0"
| #define _GNU_SOURCE 1
| #define STDC_HEADERS 1
| #define HAVE_SYS_TYPES_H 1
| #define HAVE_SYS_STAT_H 1
| #define HAVE_STDLIB_H 1
| #define HAVE_STRING_H 1
| #define HAVE_MEMORY_H 1
| #define HAVE_STRINGS_H 1
| #define HAVE_INTTYPES_H 1
| #define HAVE_STDINT_H 1
| #define HAVE_UNISTD_H 1
| #define __EXTENSIONS__ 1
| #define _POSIX_PTHREAD_SEMANTICS 1
| #define _TANDEM_SOURCE 1
| /* end confdefs.h.  */
| #include <stdio.h>
| #ifdef HAVE_SYS_TYPES_H
| # include <sys/types.h>
| #endif
| #ifdef HAVE_SYS_STAT_H
| # include <sys/stat.h>
| #endif
| #ifdef STDC_HEADERS
| # include <stdlib.h>
| # include <stddef.h>
| #else
| # ifdef HAVE_STDLIB_H
| #  include <stdlib.h>
| # endif
| #endif
| #ifdef HAVE_STRING_H
| # if !defined STDC_HEADERS && defined HAVE_MEMORY_H
| #  include <memory.h>
| # endif
| # include <string.h>
| #endif
| #ifdef HAVE_STRINGS_H
| # include <strings.h>
| #endif
| #ifdef HAVE_INTTYPES_H
| # include <inttypes.h>
| #endif
| #ifdef HAVE_STDINT_H
| # include <stdint.h>
| #endif
| #ifdef HAVE_UNISTD_H
| # include <unistd.h>
| #endif
| int
| main ()
| {
| #ifndef __SUNPRO_CC
|   (void) __SUNPRO_CC;
| #endif
| 
|   ;
|   return 0;
| }
configure:5168: result: no
configure:5326: checking for a sed that does not truncate output
configure:5405: result: /usr/bin/sed
configure:5423: checking for fgrep
configure:5501: result: /usr/bin/grep -F
configure:5536: checking for ld used by gcc
configure:5603: result: /usr/libexec/gcc/i686-apple-darwin10/4.2.1/ld
configure:5612: checking if the linker (/usr/libexec/gcc/i686-apple-darwin10/4.2.1/ld) is GNU ld
configure:5627: result: no
configure:5639: checking for BSD- or MS-compatible name lister (nm)
configure:5688: result: /usr/bin/nm
configure:5810: checking the name lister (/usr/bin/nm) interface
configure:5817: g++ -c  -g -DNDEBUG  conftest.cpp >&5
configure:5820: /usr/bin/nm "conftest.o"
configure:5823: output
0000000000000138 D _some_variable
configure:5830: result: BSD nm
configure:5833: checking whether ln -s works
configure:5837: result: yes
configure:5845: checking the maximum length of command line arguments
configure:5965: result: 196608
configure:5982: checking whether the shell understands some XSI constructs
configure:5992: result: yes
configure:5996: checking whether the shell understands "+="
configure:6002: result: yes
configure:6037: checking for /usr/libexec/gcc/i686-apple-darwin10/4.2.1/ld option to reload object files
configure:6044: result: -r
configure:6071: checking how to recognize dependent libraries
configure:6261: result: pass_all
configure:6321: checking for ar
configure:6337: found /usr/bin/ar
configure:6348: result: ar
configure:6430: checking for strip
configure:6446: found /usr/bin/strip
configure:6457: result: strip
configure:6533: checking for ranlib
configure:6549: found /usr/bin/ranlib
configure:6560: result: ranlib
configure:6654: checking command to parse /usr/bin/nm output from gcc object
configure:6772: g++ -c  -g -DNDEBUG  conftest.cpp >&5
configure:6775: $? = 0
configure:6779: /usr/bin/nm conftest.o \| sed -n -e 's/^.*[	 ]\([BCDEGRST][BCDEGRST]*\)[	 ][	 ]*\([_A-Za-z][_A-Za-z0-9]*\)$/\1 \2 \2/p' \> conftest.nm
configure:6782: $? = 0
cannot find nm_test_var in conftest.nm
configure:6772: g++ -c  -g -DNDEBUG  conftest.cpp >&5
configure:6775: $? = 0
configure:6779: /usr/bin/nm conftest.o \| sed -n -e 's/^.*[	 ]\([BCDEGRST][BCDEGRST]*\)[	 ][	 ]*_\([_A-Za-z][_A-Za-z0-9]*\)$/\1 _\2 \2/p' \> conftest.nm
configure:6782: $? = 0
configure:6836: g++ -o conftest  -g -DNDEBUG   conftest.cpp conftstm.o >&5
configure:6839: $? = 0
configure:6877: result: ok
configure:7167: checking for dsymutil
configure:7183: found /usr/bin/dsymutil
configure:7194: result: dsymutil
configure:7263: checking for nmedit
configure:7279: found /usr/bin/nmedit
configure:7290: result: nmedit
configure:7359: checking for lipo
configure:7375: found /usr/bin/lipo
configure:7386: result: lipo
configure:7455: checking for otool
configure:7471: found /usr/bin/otool
configure:7482: result: otool
configure:7551: checking for otool64
configure:7581: result: no
configure:7630: checking for -single_module linker flag
gcc   -o libconftest.dylib -dynamiclib -Wl,-single_module conftest.c
configure:7657: result: yes
configure:7659: checking for -exported_symbols_list linker flag
configure:7689: g++ -o conftest  -g -DNDEBUG   -Wl,-exported_symbols_list,conftest.sym conftest.cpp  >&5
configure:7695: $? = 0
configure:7714: result: yes
configure:7755: checking for dlfcn.h
configure:7776: g++ -c  -g -DNDEBUG  conftest.cpp >&5
configure:7782: $? = 0
configure:7798: result: yes
configure:7927: checking for C++ compiler version
configure:7934: g++ --version >&5
i686-apple-darwin10-g++-4.2.1 (GCC) 4.2.1 (Apple Inc. build 5646)
Copyright (C) 2007 Free Software Foundation, Inc.
This is free software; see the source for copying conditions.  There is NO
warranty; not even for MERCHANTABILITY or FITNESS FOR A PARTICULAR PURPOSE.

configure:7937: $? = 0
configure:7944: g++ -v >&5
Using built-in specs.
Target: i686-apple-darwin10
Configured with: /var/tmp/gcc/gcc-5646~6/src/configure --disable-checking --enable-werror --prefix=/usr --mandir=/share/man --enable-languages=c,objc,c++,obj-c++ --program-transform-name=/^[cg][^.-]*$/s/$/-4.2/ --with-slibdir=/usr/lib --build=i686-apple-darwin10 --with-gxx-include-dir=/include/c++/4.2.1 --program-prefix=i686-apple-darwin10- --host=x86_64-apple-darwin10 --target=i686-apple-darwin10
Thread model: posix
gcc version 4.2.1 (Apple Inc. build 5646)
configure:7947: $? = 0
configure:7954: g++ -V >&5
g++-4.2: argument to `-V' is missing
configure:7957: $? = 1
configure:7960: checking whether we are using the GNU C++ compiler
configure:8012: result: yes
configure:8017: checking whether g++ accepts -g
configure:8152: result: yes
configure:8177: checking dependency style of g++
configure:8268: result: gcc3
configure:8291: checking how to run the C++ preprocessor
configure:8403: result: g++ -E
configure:8432: g++ -E  conftest.cpp
configure:8438: $? = 0
configure:8469: g++ -E  conftest.cpp
conftest.cpp:25:28: error: ac_nonexistent.h: No such file or directory
configure:8475: $? = 1
configure: failed program was:
| /* confdefs.h.  */
| #define PACKAGE_NAME "Protocol Buffers"
| #define PACKAGE_TARNAME "protobuf"
| #define PACKAGE_VERSION "2.2.0"
| #define PACKAGE_STRING "Protocol Buffers 2.2.0"
| #define PACKAGE_BUGREPORT "protobuf@googlegroups.com"
| #define PACKAGE "protobuf"
| #define VERSION "2.2.0"
| #define _GNU_SOURCE 1
| #define STDC_HEADERS 1
| #define HAVE_SYS_TYPES_H 1
| #define HAVE_SYS_STAT_H 1
| #define HAVE_STDLIB_H 1
| #define HAVE_STRING_H 1
| #define HAVE_MEMORY_H 1
| #define HAVE_STRINGS_H 1
| #define HAVE_INTTYPES_H 1
| #define HAVE_STDINT_H 1
| #define HAVE_UNISTD_H 1
| #define __EXTENSIONS__ 1
| #define _POSIX_PTHREAD_SEMANTICS 1
| #define _TANDEM_SOURCE 1
| #define HAVE_DLFCN_H 1
| /* end confdefs.h.  */
| #include <ac_nonexistent.h>
configure:8686: checking for objdir
configure:8701: result: .libs
configure:8997: checking if gcc supports -fno-rtti -fno-exceptions
configure:9015: gcc -c   -fno-rtti -fno-exceptions conftest.c >&5
cc1: warning: command line option "-fno-rtti" is valid for C++/ObjC++ but not for C
configure:9019: $? = 0
configure:9032: result: no
configure:9052: checking for gcc option to produce PIC
configure:9309: result: -fno-common -DPIC
configure:9321: checking if gcc PIC flag -fno-common -DPIC works
configure:9339: gcc -c   -fno-common -DPIC -DPIC conftest.c >&5
configure:9343: $? = 0
configure:9356: result: yes
configure:9380: checking if gcc static flag -static works
configure:9408: result: no
configure:9423: checking if gcc supports -c -o file.o
configure:9444: gcc -c   -o out/conftest2.o conftest.c >&5
configure:9448: $? = 0
configure:9470: result: yes
configure:9478: checking if gcc supports -c -o file.o
configure:9525: result: yes
configure:9558: checking whether the gcc linker (/usr/libexec/gcc/i686-apple-darwin10/4.2.1/ld) supports shared libraries
configure:10612: result: yes
configure:10851: checking dynamic linker characteristics
configure:11530: result: darwin10.0.0 dyld
configure:11632: checking how to hardcode library paths into programs
configure:11657: result: immediate
configure:12470: checking whether stripping libraries is possible
configure:12484: result: yes
configure:12510: checking if libtool supports shared libraries
configure:12512: result: yes
configure:12515: checking whether to build shared libraries
configure:12536: result: yes
configure:12539: checking whether to build static libraries
configure:12543: result: yes
configure:12693: checking for ld used by g++
configure:12760: result: /usr/libexec/gcc/i686-apple-darwin10/4.2.1/ld
configure:12769: checking if the linker (/usr/libexec/gcc/i686-apple-darwin10/4.2.1/ld) is GNU ld
configure:12784: result: no
configure:12839: checking whether the g++ linker (/usr/libexec/gcc/i686-apple-darwin10/4.2.1/ld) supports shared libraries
configure:13801: result: yes
configure:13829: g++ -c  -g -DNDEBUG  conftest.cpp >&5
configure:13832: $? = 0
configure:14014: checking for g++ option to produce PIC
configure:14323: result: -fno-common -DPIC
configure:14332: checking if g++ PIC flag -fno-common -DPIC works
configure:14350: g++ -c  -g -DNDEBUG  -fno-common -DPIC -DPIC conftest.cpp >&5
configure:14354: $? = 0
configure:14367: result: yes
configure:14388: checking if g++ static flag -static works
configure:14416: result: no
configure:14428: checking if g++ supports -c -o file.o
configure:14449: g++ -c  -g -DNDEBUG  -o out/conftest2.o conftest.cpp >&5
configure:14453: $? = 0
configure:14475: result: yes
configure:14480: checking if g++ supports -c -o file.o
configure:14527: result: yes
configure:14557: checking whether the g++ linker (/usr/libexec/gcc/i686-apple-darwin10/4.2.1/ld) supports shared libraries
configure:14583: result: yes
configure:14720: checking dynamic linker characteristics
configure:15347: result: darwin10.0.0 dyld
configure:15398: checking how to hardcode library paths into programs
configure:15423: result: immediate
configure:15483: checking for ANSI C header files
configure:15647: result: yes
configure:15676: checking fcntl.h usability
configure:15693: g++ -c  -g -DNDEBUG  conftest.cpp >&5
configure:15699: $? = 0
configure:15713: result: yes
configure:15717: checking fcntl.h presence
configure:15732: g++ -E  conftest.cpp
configure:15738: $? = 0
configure:15752: result: yes
configure:15785: checking for fcntl.h
configure:15793: result: yes
configure:15666: checking for inttypes.h
configure:15672: result: yes
configure:15676: checking limits.h usability
configure:15693: g++ -c  -g -DNDEBUG  conftest.cpp >&5
configure:15699: $? = 0
configure:15713: result: yes
configure:15717: checking limits.h presence
configure:15732: g++ -E  conftest.cpp
configure:15738: $? = 0
configure:15752: result: yes
configure:15785: checking for limits.h
configure:15793: result: yes
configure:15666: checking for stdlib.h
configure:15672: result: yes
configure:15666: checking for unistd.h
configure:15672: result: yes
configure:15808: checking for working memcmp
configure:15861: g++ -o conftest  -g -DNDEBUG   conftest.cpp  >&5
configure:15864: $? = 0
configure:15870: ./conftest
configure:15873: $? = 0
configure:15889: result: yes
configure:15898: checking for working strtod
configure:15949: g++ -o conftest  -g -DNDEBUG   conftest.cpp  >&5
conftest.cpp: In function 'int main()':
conftest.cpp:74: warning: deprecated conversion from string constant to 'char*'
conftest.cpp:85: warning: deprecated conversion from string constant to 'char*'
configure:15952: $? = 0
configure:15958: ./conftest
configure:15961: $? = 0
configure:15977: result: yes
configure:16150: checking for ftruncate
configure:16206: g++ -o conftest  -g -DNDEBUG   conftest.cpp  >&5
configure:16212: $? = 0
configure:16230: result: yes
configure:16150: checking for memset
configure:16206: g++ -o conftest  -g -DNDEBUG   conftest.cpp  >&5
configure:16212: $? = 0
configure:16230: result: yes
configure:16150: checking for mkdir
configure:16206: g++ -o conftest  -g -DNDEBUG   conftest.cpp  >&5
configure:16212: $? = 0
configure:16230: result: yes
configure:16150: checking for strchr
configure:16206: g++ -o conftest  -g -DNDEBUG   conftest.cpp  >&5
configure:16212: $? = 0
configure:16230: result: yes
configure:16150: checking for strerror
configure:16206: g++ -o conftest  -g -DNDEBUG   conftest.cpp  >&5
configure:16212: $? = 0
configure:16230: result: yes
configure:16150: checking for strtol
configure:16206: g++ -o conftest  -g -DNDEBUG   conftest.cpp  >&5
configure:16212: $? = 0
configure:16230: result: yes
configure:16243: checking for library containing zlibVersion
configure:16284: g++ -o conftest  -g -DNDEBUG   conftest.cpp  >&5
Undefined symbols:
  "_zlibVersion", referenced from:
      _main in ccKPto5e.o
ld: symbol(s) not found
collect2: ld returned 1 exit status
configure:16290: $? = 1
configure: failed program was:
| /* confdefs.h.  */
| #define PACKAGE_NAME "Protocol Buffers"
| #define PACKAGE_TARNAME "protobuf"
| #define PACKAGE_VERSION "2.2.0"
| #define PACKAGE_STRING "Protocol Buffers 2.2.0"
| #define PACKAGE_BUGREPORT "protobuf@googlegroups.com"
| #define PACKAGE "protobuf"
| #define VERSION "2.2.0"
| #define _GNU_SOURCE 1
| #define STDC_HEADERS 1
| #define HAVE_SYS_TYPES_H 1
| #define HAVE_SYS_STAT_H 1
| #define HAVE_STDLIB_H 1
| #define HAVE_STRING_H 1
| #define HAVE_MEMORY_H 1
| #define HAVE_STRINGS_H 1
| #define HAVE_INTTYPES_H 1
| #define HAVE_STDINT_H 1
| #define HAVE_UNISTD_H 1
| #define __EXTENSIONS__ 1
| #define _POSIX_PTHREAD_SEMANTICS 1
| #define _TANDEM_SOURCE 1
| #define HAVE_DLFCN_H 1
| #define LT_OBJDIR ".libs/"
| #define STDC_HEADERS 1
| #define HAVE_FCNTL_H 1
| #define HAVE_INTTYPES_H 1
| #define HAVE_LIMITS_H 1
| #define HAVE_STDLIB_H 1
| #define HAVE_UNISTD_H 1
| #define HAVE_FTRUNCATE 1
| #define HAVE_MEMSET 1
| #define HAVE_MKDIR 1
| #define HAVE_STRCHR 1
| #define HAVE_STRERROR 1
| #define HAVE_STRTOL 1
| /* end confdefs.h.  */
| 
| /* Override any GCC internal prototype to avoid an error.
|    Use char because int might match the return type of a GCC
|    builtin and then its argument prototype would still apply.  */
| #ifdef __cplusplus
| extern "C"
| #endif
| char zlibVersion ();
| int
| main ()
| {
| return zlibVersion ();
|   ;
|   return 0;
| }
configure:16284: g++ -o conftest  -g -DNDEBUG   conftest.cpp -lz   >&5
configure:16290: $? = 0
configure:16318: result: -lz
configure:16577: checking for the pthreads library -lpthreads
configure:16620: gcc -o conftest     conftest.c -lpthreads -lz  >&5
ld: library not found for -lpthreads
collect2: ld returned 1 exit status
configure:16626: $? = 1
configure: failed program was:
| /* confdefs.h.  */
| #define PACKAGE_NAME "Protocol Buffers"
| #define PACKAGE_TARNAME "protobuf"
| #define PACKAGE_VERSION "2.2.0"
| #define PACKAGE_STRING "Protocol Buffers 2.2.0"
| #define PACKAGE_BUGREPORT "protobuf@googlegroups.com"
| #define PACKAGE "protobuf"
| #define VERSION "2.2.0"
| #define _GNU_SOURCE 1
| #define STDC_HEADERS 1
| #define HAVE_SYS_TYPES_H 1
| #define HAVE_SYS_STAT_H 1
| #define HAVE_STDLIB_H 1
| #define HAVE_STRING_H 1
| #define HAVE_MEMORY_H 1
| #define HAVE_STRINGS_H 1
| #define HAVE_INTTYPES_H 1
| #define HAVE_STDINT_H 1
| #define HAVE_UNISTD_H 1
| #define __EXTENSIONS__ 1
| #define _POSIX_PTHREAD_SEMANTICS 1
| #define _TANDEM_SOURCE 1
| #define HAVE_DLFCN_H 1
| #define LT_OBJDIR ".libs/"
| #define STDC_HEADERS 1
| #define HAVE_FCNTL_H 1
| #define HAVE_INTTYPES_H 1
| #define HAVE_LIMITS_H 1
| #define HAVE_STDLIB_H 1
| #define HAVE_UNISTD_H 1
| #define HAVE_FTRUNCATE 1
| #define HAVE_MEMSET 1
| #define HAVE_MKDIR 1
| #define HAVE_STRCHR 1
| #define HAVE_STRERROR 1
| #define HAVE_STRTOL 1
| #define HAVE_ZLIB 1
| /* end confdefs.h.  */
| #include <pthread.h>
| int
| main ()
| {
| pthread_t th; pthread_join(th, 0);
|                      pthread_attr_init(0); pthread_cleanup_push(0, 0);
|                      pthread_create(0,0,0,0); pthread_cleanup_pop(0);
|   ;
|   return 0;
| }
configure:16646: result: no
configure:16522: checking whether pthreads work without any flags
configure:16620: gcc -o conftest     conftest.c  -lz  >&5
configure:16626: $? = 0
configure:16646: result: yes
configure:16665: checking for joinable pthread attribute
configure:16690: gcc -o conftest     conftest.c  -lz  >&5
configure:16696: $? = 0
configure:16713: result: PTHREAD_CREATE_JOINABLE
configure:16723: checking if more special flags are required for pthreads
configure:16730: result: -D_THREAD_SAFE
configure:16819: checking whether to check for GCC pthread/shared inconsistencies
configure:16842: gcc -o conftest -shared -fPIC -Wl,-z,defs  -D_THREAD_SAFE    conftest.c  -lz  >&5
ld: unknown option: -z
collect2: ld returned 1 exit status
configure:16848: $? = 1
configure: failed program was:
| /* confdefs.h.  */
| #define PACKAGE_NAME "Protocol Buffers"
| #define PACKAGE_TARNAME "protobuf"
| #define PACKAGE_VERSION "2.2.0"
| #define PACKAGE_STRING "Protocol Buffers 2.2.0"
| #define PACKAGE_BUGREPORT "protobuf@googlegroups.com"
| #define PACKAGE "protobuf"
| #define VERSION "2.2.0"
| #define _GNU_SOURCE 1
| #define STDC_HEADERS 1
| #define HAVE_SYS_TYPES_H 1
| #define HAVE_SYS_STAT_H 1
| #define HAVE_STDLIB_H 1
| #define HAVE_STRING_H 1
| #define HAVE_MEMORY_H 1
| #define HAVE_STRINGS_H 1
| #define HAVE_INTTYPES_H 1
| #define HAVE_STDINT_H 1
| #define HAVE_UNISTD_H 1
| #define __EXTENSIONS__ 1
| #define _POSIX_PTHREAD_SEMANTICS 1
| #define _TANDEM_SOURCE 1
| #define HAVE_DLFCN_H 1
| #define LT_OBJDIR ".libs/"
| #define STDC_HEADERS 1
| #define HAVE_FCNTL_H 1
| #define HAVE_INTTYPES_H 1
| #define HAVE_LIMITS_H 1
| #define HAVE_STDLIB_H 1
| #define HAVE_UNISTD_H 1
| #define HAVE_FTRUNCATE 1
| #define HAVE_MEMSET 1
| #define HAVE_MKDIR 1
| #define HAVE_STRCHR 1
| #define HAVE_STRERROR 1
| #define HAVE_STRTOL 1
| #define HAVE_ZLIB 1
| /* end confdefs.h.  */
| 
| int
| main ()
| {
| 
|   ;
|   return 0;
| }
configure:16866: result: no
configure:17096: checking the location of hash_map
configure:17130: g++ -c  -g -DNDEBUG  conftest.cpp >&5
configure:17136: $? = 0
configure:17181: result: <ext/hash_map>
configure:17348: creating ./config.status

## ---------------------- ##
## Running config.status. ##
## ---------------------- ##

This file was extended by Protocol Buffers config.status 2.2.0, which was
generated by GNU Autoconf 2.61.  Invocation command line was

  CONFIG_FILES    = 
  CONFIG_HEADERS  = 
  CONFIG_LINKS    = 
  CONFIG_COMMANDS = 
  $ ./config.status 

on CyBookPro.local

config.status:926: creating Makefile
config.status:926: creating src/Makefile
config.status:926: creating protobuf.pc
config.status:926: creating protobuf-lite.pc
config.status:926: creating config.h
config.status:1177: config.h is unchanged
config.status:1223: executing depfiles commands
config.status:1223: executing libtool commands
configure:19861: === configuring in gtest (/Projects/metasyntactic/trunk/protobuf-2.2.0/gtest)
configure:19964: running /bin/sh ./configure '--prefix=/usr/local'  --cache-file=/dev/null --srcdir=.

## ---------------- ##
## Cache variables. ##
## ---------------- ##

ac_cv_build=i386-apple-darwin10.0.0
ac_cv_c_compiler_gnu=yes
ac_cv_cxx_compiler_gnu=yes
ac_cv_cxx_hash_map='<ext/hash_map>'
ac_cv_cxx_hash_namespace=__gnu_cxx
ac_cv_cxx_hash_set='<ext/hash_set>'
ac_cv_env_CCC_set=
ac_cv_env_CCC_value=
ac_cv_env_CC_set=
ac_cv_env_CC_value=
ac_cv_env_CFLAGS_set=
ac_cv_env_CFLAGS_value=
ac_cv_env_CPPFLAGS_set=
ac_cv_env_CPPFLAGS_value=
ac_cv_env_CXXCPP_set=
ac_cv_env_CXXCPP_value=
ac_cv_env_CXXFLAGS_set=
ac_cv_env_CXXFLAGS_value=
ac_cv_env_CXX_set=
ac_cv_env_CXX_value=
ac_cv_env_LDFLAGS_set=
ac_cv_env_LDFLAGS_value=
ac_cv_env_LIBS_set=
ac_cv_env_LIBS_value=
ac_cv_env_build_alias_set=
ac_cv_env_build_alias_value=
ac_cv_env_host_alias_set=
ac_cv_env_host_alias_value=
ac_cv_env_target_alias_set=
ac_cv_env_target_alias_value=
ac_cv_func_ftruncate=yes
ac_cv_func_memcmp_working=yes
ac_cv_func_memset=yes
ac_cv_func_mkdir=yes
ac_cv_func_strchr=yes
ac_cv_func_strerror=yes
ac_cv_func_strtod=yes
ac_cv_func_strtol=yes
ac_cv_have_decl___SUNPRO_CC=no
ac_cv_header_dlfcn_h=yes
ac_cv_header_fcntl_h=yes
ac_cv_header_inttypes_h=yes
ac_cv_header_limits_h=yes
ac_cv_header_memory_h=yes
ac_cv_header_minix_config_h=no
ac_cv_header_stdc=yes
ac_cv_header_stdint_h=yes
ac_cv_header_stdlib_h=yes
ac_cv_header_string_h=yes
ac_cv_header_strings_h=yes
ac_cv_header_sys_stat_h=yes
ac_cv_header_sys_types_h=yes
ac_cv_header_unistd_h=yes
ac_cv_host=i386-apple-darwin10.0.0
ac_cv_objext=o
ac_cv_path_EGREP='/usr/bin/grep -E'
ac_cv_path_FGREP='/usr/bin/grep -F'
ac_cv_path_GREP=/usr/bin/grep
ac_cv_path_SED=/usr/bin/sed
ac_cv_path_install='/usr/bin/install -c'
ac_cv_prog_AWK=awk
ac_cv_prog_CXXCPP='g++ -E'
ac_cv_prog_ac_ct_AR=ar
ac_cv_prog_ac_ct_CC=gcc
ac_cv_prog_ac_ct_CXX=g++
ac_cv_prog_ac_ct_DSYMUTIL=dsymutil
ac_cv_prog_ac_ct_LIPO=lipo
ac_cv_prog_ac_ct_NMEDIT=nmedit
ac_cv_prog_ac_ct_OTOOL=otool
ac_cv_prog_ac_ct_RANLIB=ranlib
ac_cv_prog_ac_ct_STRIP=strip
ac_cv_prog_cc_c89=
ac_cv_prog_cc_g=yes
ac_cv_prog_cxx_g=yes
ac_cv_prog_make_make_set=yes
ac_cv_safe_to_define___extensions__=yes
ac_cv_search_zlibVersion=-lz
ac_cv_target=i386-apple-darwin10.0.0
am_cv_CC_dependencies_compiler_type=gcc3
am_cv_CXX_dependencies_compiler_type=gcc3
lt_cv_apple_cc_single_mod=yes
lt_cv_deplibs_check_method=pass_all
lt_cv_file_magic_cmd='$MAGIC_CMD'
lt_cv_file_magic_test_file=
lt_cv_ld_exported_symbols_list=yes
lt_cv_ld_reload_flag=-r
lt_cv_nm_interface='BSD nm'
lt_cv_objdir=.libs
lt_cv_path_LD=/usr/libexec/gcc/i686-apple-darwin10/4.2.1/ld
lt_cv_path_LDCXX=/usr/libexec/gcc/i686-apple-darwin10/4.2.1/ld
lt_cv_path_NM=/usr/bin/nm
lt_cv_prog_compiler_c_o=yes
lt_cv_prog_compiler_c_o_CXX=yes
lt_cv_prog_compiler_pic_works=yes
lt_cv_prog_compiler_pic_works_CXX=yes
lt_cv_prog_compiler_rtti_exceptions=no
lt_cv_prog_compiler_static_works=no
lt_cv_prog_compiler_static_works_CXX=no
lt_cv_prog_gnu_ld=no
lt_cv_prog_gnu_ldcxx=no
lt_cv_sys_global_symbol_pipe='sed -n -e '\''s/^.*[	 ]\([BCDEGRST][BCDEGRST]*\)[	 ][	 ]*_\([_A-Za-z][_A-Za-z0-9]*\)$/\1 _\2 \2/p'\'''
lt_cv_sys_global_symbol_to_c_name_address='sed -n -e '\''s/^: \([^ ]*\) $/  {\"\1\", (void *) 0},/p'\'' -e '\''s/^[BCDEGRST]* \([^ ]*\) \([^ ]*\)$/  {"\2", (void *) \&\2},/p'\'''
lt_cv_sys_global_symbol_to_c_name_address_lib_prefix='sed -n -e '\''s/^: \([^ ]*\) $/  {\"\1\", (void *) 0},/p'\'' -e '\''s/^[BCDEGRST]* \([^ ]*\) \(lib[^ ]*\)$/  {"\2", (void *) \&\2},/p'\'' -e '\''s/^[BCDEGRST]* \([^ ]*\) \([^ ]*\)$/  {"lib\2", (void *) \&\2},/p'\'''
lt_cv_sys_global_symbol_to_cdecl='sed -n -e '\''s/^T .* \(.*\)$/extern int \1();/p'\'' -e '\''s/^[BCDEGRST]* .* \(.*\)$/extern char \1;/p'\'''
lt_cv_sys_max_cmd_len=196608

## ----------------- ##
## Output variables. ##
## ----------------- ##

ACLOCAL='${SHELL} /Projects/metasyntactic/trunk/protobuf-2.2.0/missing --run aclocal-1.10'
AMDEPBACKSLASH='\'
AMDEP_FALSE='#'
AMDEP_TRUE=''
AMTAR='${SHELL} /Projects/metasyntactic/trunk/protobuf-2.2.0/missing --run tar'
AR='ar'
AUTOCONF='${SHELL} /Projects/metasyntactic/trunk/protobuf-2.2.0/missing --run autoconf'
AUTOHEADER='${SHELL} /Projects/metasyntactic/trunk/protobuf-2.2.0/missing --run autoheader'
AUTOMAKE='${SHELL} /Projects/metasyntactic/trunk/protobuf-2.2.0/missing --run automake-1.10'
AWK='awk'
CC='gcc'
CCDEPMODE='depmode=gcc3'
CFLAGS=''
CPPFLAGS=''
CXX='g++'
CXXCPP='g++ -E'
CXXDEPMODE='depmode=gcc3'
CXXFLAGS=' -g -DNDEBUG'
CYGPATH_W='echo'
DEFS='-DHAVE_CONFIG_H'
DEPDIR='.deps'
DSYMUTIL='dsymutil'
DUMPBIN=''
ECHO_C='ECHO_N=''
ECHO_T=''
EGREP='/usr/bin/grep -E'
EXEEXT=''
FGREP='/usr/bin/grep -F'
GCC_FALSE='#'
GCC_TRUE=''
GREP='/usr/bin/grep'
HAVE_ZLIB_FALSE='#'
HAVE_ZLIB_TRUE=''
INSTALL_DATA='${INSTALL} -m 644'
INSTALL_PROGRAM='${INSTALL}'
INSTALL_SCRIPT='${INSTALL}'
INSTALL_STRIP_PROGRAM='$(install_sh) -c -s'
ISAINFO=''
LD='/usr/libexec/gcc/i686-apple-darwin10/4.2.1/ld'
LDFLAGS=''
LIBOBJS=''
LIBS='-lz '
LIBTOOL='$(SHELL) $(top_builddir)/libtool'
LIPO='lipo'
LN_S='ln -s'
LTLIBOBJS=''
MAKEINFO='${SHELL} /Projects/metasyntactic/trunk/protobuf-2.2.0/missing --run makeinfo'
NM='/usr/bin/nm'
NMEDIT='nmedit'
OBJEXT='o'
OTOOL64=':'
OTOOL='otool'
PACKAGE='protobuf'
PACKAGE_BUGREPORT='protobuf@googlegroups.com'
PACKAGE_NAME='Protocol Buffers'
PACKAGE_STRING='Protocol Buffers 2.2.0'
PACKAGE_TARNAME='protobuf'
PACKAGE_VERSION='2.2.0'
PATH_SEPARATOR=':'
POW_LIB=''
PROTOBUF_OPT_FLAG='-O2'
PROTOC=''
PTHREAD_CC='gcc'
PTHREAD_CFLAGS='-D_THREAD_SAFE '
PTHREAD_LIBS=''
RANLIB='ranlib'
SED='/usr/bin/sed'
SET_MAKE=''
SHELL='/bin/sh'
STRIP='strip'
USE_EXTERNAL_PROTOC_FALSE=''
USE_EXTERNAL_PROTOC_TRUE='#'
VERSION='2.2.0'
ac_ct_CC='gcc'
ac_ct_CXX='g++'
ac_ct_DUMPBIN=''
acx_pthread_config=''
am__fastdepCC_FALSE='#'
am__fastdepCC_TRUE=''
am__fastdepCXX_FALSE='#'
am__fastdepCXX_TRUE=''
am__include='include'
am__isrc=''
am__leading_dot='.'
am__quote=''
am__tar='${AMTAR} chof - "$$tardir"'
am__untar='${AMTAR} xf -'
bindir='${exec_prefix}/bin'
build='i386-apple-darwin10.0.0'
build_alias=''
build_cpu='i386'
build_os='darwin10.0.0'
build_vendor='apple'
datadir='${datarootdir}'
datarootdir='${prefix}/share'
docdir='${datarootdir}/doc/${PACKAGE_TARNAME}'
dvidir='${docdir}'
exec_prefix='${prefix}'
host='i386-apple-darwin10.0.0'
host_alias=''
host_cpu='i386'
host_os='darwin10.0.0'
host_vendor='apple'
htmldir='${docdir}'
includedir='${prefix}/include'
infodir='${datarootdir}/info'
install_sh='$(SHELL) /Projects/metasyntactic/trunk/protobuf-2.2.0/install-sh'
libdir='${exec_prefix}/lib'
libexecdir='${exec_prefix}/libexec'
localedir='${datarootdir}/locale'
localstatedir='${prefix}/var'
lt_ECHO='/bin/echo'
mandir='${datarootdir}/man'
mkdir_p='$(top_builddir)/./install-sh -c -d'
oldincludedir='/usr/include'
pdfdir='${docdir}'
prefix='/usr/local'
program_transform_name='s,x,x,'
psdir='${docdir}'
sbindir='${exec_prefix}/sbin'
sharedstatedir='${prefix}/com'
subdirs=' gtest'
sysconfdir='${prefix}/etc'
target='i386-apple-darwin10.0.0'
target_alias=''
target_cpu='i386'
target_os='darwin10.0.0'
target_vendor='apple'

## ----------- ##
## confdefs.h. ##
## ----------- ##

#define PACKAGE_NAME "Protocol Buffers"
#define PACKAGE_TARNAME "protobuf"
#define PACKAGE_VERSION "2.2.0"
#define PACKAGE_STRING "Protocol Buffers 2.2.0"
#define PACKAGE_BUGREPORT "protobuf@googlegroups.com"
#define PACKAGE "protobuf"
#define VERSION "2.2.0"
#define _GNU_SOURCE 1
#define STDC_HEADERS 1
#define HAVE_SYS_TYPES_H 1
#define HAVE_SYS_STAT_H 1
#define HAVE_STDLIB_H 1
#define HAVE_STRING_H 1
#define HAVE_MEMORY_H 1
#define HAVE_STRINGS_H 1
#define HAVE_INTTYPES_H 1
#define HAVE_STDINT_H 1
#define HAVE_UNISTD_H 1
#define __EXTENSIONS__ 1
#define _POSIX_PTHREAD_SEMANTICS 1
#define _TANDEM_SOURCE 1
#define HAVE_DLFCN_H 1
#define LT_OBJDIR ".libs/"
#define STDC_HEADERS 1
#define HAVE_FCNTL_H 1
#define HAVE_INTTYPES_H 1
#define HAVE_LIMITS_H 1
#define HAVE_STDLIB_H 1
#define HAVE_UNISTD_H 1
#define HAVE_FTRUNCATE 1
#define HAVE_MEMSET 1
#define HAVE_MKDIR 1
#define HAVE_STRCHR 1
#define HAVE_STRERROR 1
#define HAVE_STRTOL 1
#define HAVE_ZLIB 1
#define HAVE_PTHREAD 1
#define HAVE_HASH_MAP 1
#define HAVE_HASH_SET 1
#define HASH_MAP_H <ext/hash_map>
#define HASH_SET_H <ext/hash_set>
#define HASH_NAMESPACE __gnu_cxx

configure: exit 0
